c:\users\sandy\desktop\graphics assignment 1\assignment 1\graphics-assignment-1-master - copy\basic\basic3\debug\vc120.pdb
c:\users\sandy\desktop\graphics assignment 1\assignment 1\graphics-assignment-1-master - copy\basic\basic3\debug\vc120.idb
c:\users\sandy\desktop\graphics assignment 1\assignment 1\graphics-assignment-1-master - copy\basic\basic3\debug\basecylinder.obj
c:\users\sandy\desktop\graphics assignment 1\assignment 1\graphics-assignment-1-master - copy\basic\basic3\debug\camera.obj
c:\users\sandy\desktop\graphics assignment 1\assignment 1\graphics-assignment-1-master - copy\basic\basic3\debug\cylinder.obj
c:\users\sandy\desktop\graphics assignment 1\assignment 1\graphics-assignment-1-master - copy\basic\basic3\debug\gear.obj
c:\users\sandy\desktop\graphics assignment 1\assignment 1\graphics-assignment-1-master - copy\basic\basic3\debug\moon.obj
c:\users\sandy\desktop\graphics assignment 1\assignment 1\graphics-assignment-1-master - copy\basic\basic3\debug\moonattachmentcylinder.obj
c:\users\sandy\desktop\graphics assignment 1\assignment 1\graphics-assignment-1-master - copy\basic\basic3\debug\moonsupportpole.obj
c:\users\sandy\desktop\graphics assignment 1\assignment 1\graphics-assignment-1-master - copy\basic\basic3\debug\planet.obj
c:\users\sandy\desktop\graphics assignment 1\assignment 1\graphics-assignment-1-master - copy\basic\basic3\debug\planetsupportpole.obj
c:\users\sandy\desktop\graphics assignment 1\assignment 1\graphics-assignment-1-master - copy\basic\basic3\debug\skybox.obj
c:\users\sandy\desktop\graphics assignment 1\assignment 1\graphics-assignment-1-master - copy\basic\basic3\debug\sphere.obj
c:\users\sandy\desktop\graphics assignment 1\assignment 1\graphics-assignment-1-master - copy\basic\basic3\debug\stand.obj
c:\users\sandy\desktop\graphics assignment 1\assignment 1\graphics-assignment-1-master - copy\basic\basic3\debug\sun.obj
c:\users\sandy\desktop\graphics assignment 1\assignment 1\graphics-assignment-1-master - copy\basic\basic3\debug\textureloader.obj
c:\users\sandy\desktop\graphics assignment 1\assignment 1\graphics-assignment-1-master - copy\basic\basic3\debug\poslight.obj
c:\users\sandy\desktop\graphics assignment 1\assignment 1\graphics-assignment-1-master - copy\basic\basic3\debug\wrapper_glfw.obj
c:\users\sandy\desktop\graphics assignment 1\assignment 1\graphics-assignment-1-master - copy\basic\basic3\debug\main.obj
c:\users\sandy\desktop\graphics assignment 1\assignment 1\graphics-assignment-1-master - copy\basic\basic3\debug\shadows.obj
c:\users\sandy\desktop\graphics assignment 1\assignment 1\graphics-assignment-1-master - copy\basic\debug\basic.ilk
c:\users\sandy\desktop\graphics assignment 1\assignment 1\graphics-assignment-1-master - copy\basic\debug\basic.exe
c:\users\sandy\desktop\graphics assignment 1\assignment 1\graphics-assignment-1-master - copy\basic\debug\basic.pdb
c:\users\sandy\desktop\graphics assignment 1\assignment 1\graphics-assignment-1-master - copy\basic\basic3\debug\basic.obj
c:\users\sandy\desktop\graphics assignment 1\assignment 1\graphics-assignment-1-master - copy\basic\basic3\debug\circle.obj
c:\users\sandy\desktop\graphics assignment 1\assignment 1\graphics-assignment-1-master - copy\basic\basic3\debug\cube.obj
c:\users\sandy\desktop\graphics assignment 1\assignment 1\graphics-assignment-1-master - copy\basic\basic3\debug\lab2start.obj
c:\users\sandy\desktop\graphics assignment 1\assignment 1\graphics-assignment-1-master - copy\basic\basic3\debug\lab3start.obj
c:\users\sandy\desktop\graphics assignment 1\assignment 1\graphics-assignment-1-master - copy\basic\basic3\debug\pyramid.obj
c:\users\sandy\desktop\graphics assignment 1\assignment 1\graphics-assignment-1-master - copy\basic\basic3\debug\stbimg.obj
c:\users\sandy\desktop\graphics assignment 1\assignment 1\graphics-assignment-1-master - copy\basic\basic3\debug\supportpole.obj
c:\users\sandy\desktop\graphics assignment 1\assignment 1\graphics-assignment-1-master - copy\basic\basic3\debug\tetrahedron.obj
c:\users\sandy\desktop\graphics assignment 1\assignment 1\graphics-assignment-1-master - copy\basic\basic3\debug\basic.tlog\cl.command.1.tlog
c:\users\sandy\desktop\graphics assignment 1\assignment 1\graphics-assignment-1-master - copy\basic\basic3\debug\basic.tlog\cl.read.1.tlog
c:\users\sandy\desktop\graphics assignment 1\assignment 1\graphics-assignment-1-master - copy\basic\basic3\debug\basic.tlog\cl.write.1.tlog
c:\users\sandy\desktop\graphics assignment 1\assignment 1\graphics-assignment-1-master - copy\basic\basic3\debug\basic.tlog\link.command.1.tlog
c:\users\sandy\desktop\graphics assignment 1\assignment 1\graphics-assignment-1-master - copy\basic\basic3\debug\basic.tlog\link.read.1.tlog
c:\users\sandy\desktop\graphics assignment 1\assignment 1\graphics-assignment-1-master - copy\basic\basic3\debug\basic.tlog\link.write.1.tlog
