Build started 20/11/2014 06:31:46.
     1>Project "C:\Users\Sandy\Desktop\Graphics Assignment 1\Assignment 1 Source Code\basic\basic3\basic3.vcxproj" on node 2 (Build target(s)).
     1>ClCompile:
         C:\Program Files (x86)\Microsoft Visual Studio 12.0\VC\bin\CL.exe /c /ZI /nologo /W3 /WX- /Od /Oy- /D WIN32 /D _DEBUG /D _CONSOLE /D _LIB /D _UNICODE /D UNICODE /Gm /EHsc /RTC1 /MDd /GS- /fp:precise /Zc:wchar_t /Zc:forScope /Fo"Debug\\" /Fd"Debug\vc120.pdb" /Gd /TP /analyze- /errorReport:prompt Main.cpp
         Main.cpp
     1>c:\users\sandy\desktop\graphics assignment 1\assignment 1 source code\basic\basic3\main.cpp(222): warning C4244: 'initializing' : conversion from 'double' to 'int', possible loss of data
     1>c:\users\sandy\desktop\graphics assignment 1\assignment 1 source code\basic\basic3\main.cpp(358): warning C4305: '+=' : truncation from 'double' to 'GLfloat'
     1>c:\users\sandy\desktop\graphics assignment 1\assignment 1 source code\basic\basic3\main.cpp(363): warning C4305: '-=' : truncation from 'double' to 'GLfloat'
       Link:
         C:\Program Files (x86)\Microsoft Visual Studio 12.0\VC\bin\link.exe /ERRORREPORT:PROMPT /OUT:"C:\Users\Sandy\Desktop\Graphics Assignment 1\Assignment 1 Source Code\basic\Debug\basic.exe" /INCREMENTAL /NOLOGO kernel32.lib user32.lib gdi32.lib winspool.lib comdlg32.lib advapi32.lib shell32.lib ole32.lib oleaut32.lib uuid.lib odbc32.lib odbccp32.lib /MANIFEST /MANIFESTUAC:"level='asInvoker' uiAccess='false'" /manifest:embed /DEBUG /PDB:"C:\Users\Sandy\Desktop\Graphics Assignment 1\Assignment 1 Source Code\basic\Debug\basic.pdb" /SUBSYSTEM:CONSOLE /TLBID:1 /DYNAMICBASE /NXCOMPAT /IMPLIB:"C:\Users\Sandy\Desktop\Graphics Assignment 1\Assignment 1 Source Code\basic\Debug\basic.lib" /MACHINE:X86 Debug\Camera.obj
         Debug\Cylinder.obj
         Debug\Gear.obj
         Debug\Moon.obj
         Debug\MoonAttachmentCylinder.obj
         Debug\MoonSupportPole.obj
         Debug\Planet.obj
         Debug\Main.obj
         Debug\BaseCylinder.obj
         Debug\Stand.obj
         Debug\Skybox.obj
         Debug\Sphere.obj
         Debug\Sun.obj
         Debug\PlanetSupportPole.obj
         Debug\TextureLoader.obj
         Debug\wrapper_glfw.obj
         SOIL.lib
         basic3.vcxproj -> C:\Users\Sandy\Desktop\Graphics Assignment 1\Assignment 1 Source Code\basic\Debug\basic.exe
     1>Done Building Project "C:\Users\Sandy\Desktop\Graphics Assignment 1\Assignment 1 Source Code\basic\basic3\basic3.vcxproj" (Build target(s)).

Build succeeded.

Time Elapsed 00:00:01.06
